<?xml version="1.0" encoding="UTF-8"?>
<testng-results skipped="0" failed="1" ignored="0" total="1" passed="0">
  <reporter-output>
  </reporter-output>
  <suite name="Suite" duration-ms="68880" started-at="2019-11-08T08:57:24Z" finished-at="2019-11-08T08:58:33Z">
    <groups>
    </groups>
    <test name="Test" duration-ms="68880" started-at="2019-11-08T08:57:24Z" finished-at="2019-11-08T08:58:33Z">
      <class name="com.atmecs.validate_ninja_store.testscripts.TestVerifyNinjaStore">
        <test-method status="PASS" signature="baseSetup()[pri:0, instance:com.atmecs.validate_ninja_store.testscripts.TestVerifyNinjaStore@1a3869f4]" name="baseSetup" is-config="true" duration-ms="22320" started-at="2019-11-08T08:57:24Z" finished-at="2019-11-08T08:57:46Z">
          <reporter-output>
          </reporter-output>
        </test-method> <!-- baseSetup -->
        <test-method status="PASS" signature="webURLLoader()[pri:0, instance:com.atmecs.validate_ninja_store.testscripts.TestVerifyNinjaStore@1a3869f4]" name="webURLLoader" is-config="true" duration-ms="3819" started-at="2019-11-08T08:57:46Z" finished-at="2019-11-08T08:57:50Z">
          <reporter-output>
          </reporter-output>
        </test-method> <!-- webURLLoader -->
        <test-method status="FAIL" signature="verifyNinjaStore([Ljava.lang.String;)[pri:0, instance:com.atmecs.validate_ninja_store.testscripts.TestVerifyNinjaStore@1a3869f4]" name="verifyNinjaStore" duration-ms="40396" started-at="2019-11-08T08:57:51Z" data-provider="testdata" finished-at="2019-11-08T08:58:32Z">
          <params>
            <param index="0">
              <value>
                <![CDATA[[Ljava.lang.String;@6a988392]]>
              </value>
            </param>
          </params>
          <exception class="org.openqa.selenium.JavascriptException">
            <message>
              <![CDATA[Error executing JavaScript
Build info: version: '3.141.59', revision: 'e82be7d358', time: '2018-11-14T08:17:03'
System info: host: 'ATMECSINLT-085', ip: '55.55.53.104', os.name: 'Windows 10', os.arch: 'amd64', os.version: '10.0', java.version: '1.8.0_231'
Driver info: org.openqa.selenium.ie.InternetExplorerDriver
Capabilities {acceptInsecureCerts: false, browserName: internet explorer, browserVersion: 11, javascriptEnabled: true, pageLoadStrategy: normal, platform: WINDOWS, platformName: WINDOWS, proxy: Proxy(), se:ieOptions: {browserAttachTimeout: 0, elementScrollBehavior: 0, enablePersistentHover: false, ie.browserCommandLineSwitches: , ie.ensureCleanSession: true, ie.fileUploadDialogTimeout: 3000, ie.forceCreateProcessApi: false, ignoreProtectedModeSettings: true, ignoreZoomSetting: false, initialBrowserUrl:  , nativeEvents: true, requireWindowFocus: true}, setWindowRect: true, timeouts: {implicit: 0, pageLoad: 300000, script: 30000}}
Session ID: 76142202-d747-4f89-9eab-cdb379520297]]>
            </message>
            <full-stacktrace>
              <![CDATA[org.openqa.selenium.JavascriptException: Error executing JavaScript
Build info: version: '3.141.59', revision: 'e82be7d358', time: '2018-11-14T08:17:03'
System info: host: 'ATMECSINLT-085', ip: '55.55.53.104', os.name: 'Windows 10', os.arch: 'amd64', os.version: '10.0', java.version: '1.8.0_231'
Driver info: org.openqa.selenium.ie.InternetExplorerDriver
Capabilities {acceptInsecureCerts: false, browserName: internet explorer, browserVersion: 11, javascriptEnabled: true, pageLoadStrategy: normal, platform: WINDOWS, platformName: WINDOWS, proxy: Proxy(), se:ieOptions: {browserAttachTimeout: 0, elementScrollBehavior: 0, enablePersistentHover: false, ie.browserCommandLineSwitches: , ie.ensureCleanSession: true, ie.fileUploadDialogTimeout: 3000, ie.forceCreateProcessApi: false, ignoreProtectedModeSettings: true, ignoreZoomSetting: false, initialBrowserUrl:  , nativeEvents: true, requireWindowFocus: true}, setWindowRect: true, timeouts: {implicit: 0, pageLoad: 300000, script: 30000}}
Session ID: 76142202-d747-4f89-9eab-cdb379520297
at sun.reflect.NativeConstructorAccessorImpl.newInstance0(Native Method)
at sun.reflect.NativeConstructorAccessorImpl.newInstance(Unknown Source)
at sun.reflect.DelegatingConstructorAccessorImpl.newInstance(Unknown Source)
at java.lang.reflect.Constructor.newInstance(Unknown Source)
at org.openqa.selenium.remote.http.W3CHttpResponseCodec.createException(W3CHttpResponseCodec.java:187)
at org.openqa.selenium.remote.http.W3CHttpResponseCodec.decode(W3CHttpResponseCodec.java:122)
at org.openqa.selenium.remote.http.W3CHttpResponseCodec.decode(W3CHttpResponseCodec.java:49)
at org.openqa.selenium.remote.HttpCommandExecutor.execute(HttpCommandExecutor.java:158)
at org.openqa.selenium.remote.service.DriverCommandExecutor.execute(DriverCommandExecutor.java:83)
at org.openqa.selenium.remote.RemoteWebDriver.execute(RemoteWebDriver.java:552)
at org.openqa.selenium.remote.RemoteWebDriver.executeScript(RemoteWebDriver.java:489)
at com.atmecs.validate_ninja_store.helper.JavaScriptHelper.javascriptClickElement(JavaScriptHelper.java:24)
at com.atmecs.validate_ninja_store.testscripts.TestVerifyNinjaStore.verifyNinjaStore(TestVerifyNinjaStore.java:53)
at sun.reflect.NativeMethodAccessorImpl.invoke0(Native Method)
at sun.reflect.NativeMethodAccessorImpl.invoke(Unknown Source)
at sun.reflect.DelegatingMethodAccessorImpl.invoke(Unknown Source)
at java.lang.reflect.Method.invoke(Unknown Source)
at org.testng.internal.MethodInvocationHelper.invokeMethod(MethodInvocationHelper.java:124)
at org.testng.internal.Invoker.invokeMethod(Invoker.java:583)
at org.testng.internal.Invoker.invokeTestMethod(Invoker.java:719)
at org.testng.internal.Invoker.invokeTestMethods(Invoker.java:989)
at org.testng.internal.TestMethodWorker.invokeTestMethods(TestMethodWorker.java:125)
at org.testng.internal.TestMethodWorker.run(TestMethodWorker.java:109)
at org.testng.TestRunner.privateRun(TestRunner.java:648)
at org.testng.TestRunner.run(TestRunner.java:505)
at org.testng.SuiteRunner.runTest(SuiteRunner.java:455)
at org.testng.SuiteRunner.runSequentially(SuiteRunner.java:450)
at org.testng.SuiteRunner.privateRun(SuiteRunner.java:415)
at org.testng.SuiteRunner.run(SuiteRunner.java:364)
at org.testng.SuiteRunnerWorker.runSuite(SuiteRunnerWorker.java:52)
at org.testng.SuiteRunnerWorker.run(SuiteRunnerWorker.java:84)
at org.testng.TestNG.runSuitesSequentially(TestNG.java:1208)
at org.testng.TestNG.runSuitesLocally(TestNG.java:1137)
at org.testng.TestNG.runSuites(TestNG.java:1049)
at org.testng.TestNG.run(TestNG.java:1017)
at org.testng.remote.AbstractRemoteTestNG.run(AbstractRemoteTestNG.java:115)
at org.testng.remote.RemoteTestNG.initAndRun(RemoteTestNG.java:251)
at org.testng.remote.RemoteTestNG.main(RemoteTestNG.java:77)
]]>
            </full-stacktrace>
          </exception> <!-- org.openqa.selenium.JavascriptException -->
          <reporter-output>
          </reporter-output>
        </test-method> <!-- verifyNinjaStore -->
        <test-method status="PASS" signature="endDriver()[pri:0, instance:com.atmecs.validate_ninja_store.testscripts.TestVerifyNinjaStore@1a3869f4]" name="endDriver" is-config="true" duration-ms="682" started-at="2019-11-08T08:58:32Z" finished-at="2019-11-08T08:58:33Z">
          <reporter-output>
          </reporter-output>
        </test-method> <!-- endDriver -->
      </class> <!-- com.atmecs.validate_ninja_store.testscripts.TestVerifyNinjaStore -->
    </test> <!-- Test -->
  </suite> <!-- Suite -->
</testng-results>
